<?xml version="1.0" encoding="UTF-8"?>
<!-- Generated by org.testng.reporters.JUnitReportReporter -->
<testsuite hostname="6238L11" failures="0" tests="1" name="Practice.framework.Errorvalidation" time="7.156" errors="0" timestamp="2025-05-14T17:24:08 IST" skipped="0">
  <testcase classname="Practice.framework.Errorvalidation" name="error" time="7.156"/>
</testsuite> <!-- Practice.framework.Errorvalidation -->
