<?xml version="1.0" encoding="UTF-8"?>
<!-- Generated by org.testng.reporters.JUnitReportReporter -->
<testsuite hostname="6238L11" failures="0" tests="2" name="Practice.framework.Basetest" time="43.656" errors="0" timestamp="2025-05-14T17:24:08 IST" skipped="0">
  <testcase classname="Practice.framework.Basetest" name="test" time="20.755"/>
  <testcase classname="Practice.framework.Basetest" name="test" time="22.901"/>
</testsuite> <!-- Practice.framework.Basetest -->
