<?xml version="1.0" encoding="UTF-8"?>
<!-- Generated by org.testng.reporters.JUnitReportReporter -->
<testsuite hostname="6238L11" failures="0" tests="1" name="Mamatha.Hotlist" time="256.415" errors="0" timestamp="2025-01-23T16:37:34 IST" skipped="0">
  <testcase classname="Mamatha.Hotlist" name="HotlistPage" time="256.415"/>
</testsuite> <!-- Mamatha.Hotlist -->
