<?xml version="1.0" encoding="UTF-8"?>
<!-- Generated by org.testng.reporters.JUnitReportReporter -->
<testsuite hostname="6238L11" failures="0" tests="5" name="Mamatha.day1" time="0.036" errors="0" timestamp="2024-11-10T12:38:13 IST" skipped="0">
  <testcase classname="Mamatha.day1" name="carloan2" time="0.016"/>
  <testcase classname="Mamatha.day1" name="carloan3" time="0.004"/>
  <testcase classname="Mamatha.day1" name="carloan3" time="0.012"/>
  <testcase classname="Mamatha.day1" name="carloan3" time="0.003"/>
  <testcase classname="Mamatha.day1" name="carloan1" time="0.001"/>
</testsuite> <!-- Mamatha.day1 -->
