<?xml version="1.0" encoding="UTF-8"?>
<!-- Generated by org.testng.reporters.JUnitReportReporter -->
<testsuite hostname="6238L11" failures="0" tests="1" name="Mamatha.Usertest" time="179.248" errors="0" timestamp="2024-12-13T16:46:26 IST" skipped="0">
  <testcase classname="Mamatha.Usertest" name="testUserpage" time="179.248"/>
</testsuite> <!-- Mamatha.Usertest -->
