<?xml version="1.0" encoding="UTF-8"?>
<!-- Generated by org.testng.reporters.JUnitReportReporter -->
<testsuite hostname="6238L11" failures="0" tests="1" name="Mamatha.LoginCheck" time="27.274" errors="0" timestamp="2024-11-08T19:15:57 IST" skipped="0">
  <testcase classname="Mamatha.LoginCheck" name="loginToApplication" time="27.274"/>
</testsuite> <!-- Mamatha.LoginCheck -->
