<?xml version="1.0" encoding="UTF-8"?>
<!-- Generated by org.testng.reporters.JUnitReportReporter -->
<testsuite hostname="6238L11" failures="0" tests="1" name="Mamatha.PS" time="0.009" errors="0" timestamp="2024-11-10T17:55:54 IST" skipped="0">
  <testcase classname="Mamatha.PS" name="PS1" time="0.009"/>
</testsuite> <!-- Mamatha.PS -->
