<?xml version="1.0" encoding="UTF-8"?>
<!-- Generated by org.testng.reporters.JUnitReportReporter -->
<testsuite hostname="6238L11" failures="0" tests="2" name="Practice.framework.Basetest" time="36.792" errors="0" timestamp="2025-05-10T18:11:56 IST" skipped="0">
  <testcase classname="Practice.framework.Basetest" name="test" time="19.118"/>
  <testcase classname="Practice.framework.Basetest" name="test" time="17.674"/>
</testsuite> <!-- Practice.framework.Basetest -->
