<?xml version="1.0" encoding="UTF-8"?>
<!-- Generated by org.testng.reporters.JUnitReportReporter -->
<testsuite hostname="6238L11" failures="0" tests="1" name="Mamatha.GlobalExceptionPage" time="64.273" errors="0" timestamp="2024-12-09T20:46:48 IST" skipped="0">
  <testcase classname="Mamatha.GlobalExceptionPage" name="testglobalexception" time="64.273"/>
</testsuite> <!-- Mamatha.GlobalExceptionPage -->
