<?xml version="1.0" encoding="UTF-8"?>
<!-- Generated by org.testng.reporters.JUnitReportReporter -->
<testsuite hostname="6238L11" failures="0" tests="1" name="FMClient.ClosedAlarms" time="120.536" errors="0" timestamp="2025-05-13T18:20:19 IST" skipped="0">
  <testcase classname="FMClient.ClosedAlarms" name="testClosedAlarms" time="120.536"/>
</testsuite> <!-- FMClient.ClosedAlarms -->
