<?xml version="1.0" encoding="UTF-8"?>
<!-- Generated by org.testng.reporters.JUnitReportReporter -->
<testsuite hostname="6238L11" failures="0" tests="1" name="FMClient.RecordView2" time="139.664" errors="0" timestamp="2025-05-09T17:15:48 IST" skipped="0">
  <testcase classname="FMClient.RecordView2" name="Recordviewtestcase" time="139.664"/>
</testsuite> <!-- FMClient.RecordView2 -->
