<?xml version="1.0" encoding="UTF-8"?>
<!-- Generated by org.testng.reporters.JUnitReportReporter -->
<testsuite hostname="6238L11" failures="0" tests="1" name="Mamatha.HotlistFromFile" time="245.486" errors="0" timestamp="2025-01-23T16:30:14 IST" skipped="0">
  <testcase classname="Mamatha.HotlistFromFile" name="HotlistPage" time="245.486"/>
</testsuite> <!-- Mamatha.HotlistFromFile -->
