<?xml version="1.0" encoding="UTF-8"?>
<!-- Generated by org.testng.reporters.JUnitReportReporter -->
<testsuite hostname="6238L11" failures="0" tests="4" name="Mamatha.Streamstesting1" time="2.650" errors="0" timestamp="2024-10-30T11:09:21 IST" skipped="0">
  <testcase classname="Mamatha.Streamstesting1" name="countNamesStartingWithA" time="2.635"/>
  <testcase classname="Mamatha.Streamstesting1" name="Streamtest" time="0.005"/>
  <testcase classname="Mamatha.Streamstesting1" name="Streamtest1" time="0.004"/>
  <testcase classname="Mamatha.Streamstesting1" name="Streamtest2" time="0.006"/>
</testsuite> <!-- Mamatha.Streamstesting1 -->
