<?xml version="1.0" encoding="UTF-8"?>
<!-- Generated by org.testng.reporters.JUnitReportReporter -->
<testsuite hostname="6238L11" failures="0" tests="2" name="Mamatha.PS2" time="0.012" errors="0" timestamp="2024-11-10T17:31:22 IST" skipped="0">
  <testcase classname="Mamatha.PS2" name="carloan7" time="0.008"/>
  <testcase classname="Mamatha.PS2" name="carloan5" time="0.004"/>
</testsuite> <!-- Mamatha.PS2 -->
