<?xml version="1.0" encoding="UTF-8"?>
<!-- Generated by org.testng.reporters.JUnitReportReporter -->
<testsuite hostname="6238L11" failures="0" tests="1" name="FMClient.Templaterule" time="119.698" errors="0" timestamp="2025-05-13T18:20:19 IST" skipped="0">
  <testcase classname="FMClient.Templaterule" name="testtemplatecreation" time="119.698"/>
</testsuite> <!-- FMClient.Templaterule -->
