<?xml version="1.0" encoding="UTF-8"?>
<!-- Generated by org.testng.reporters.JUnitReportReporter -->
<testsuite hostname="6238L11" failures="0" tests="1" name="Mamatha.StandardNickname" time="304.616" errors="0" timestamp="2025-01-23T14:21:21 IST" skipped="0">
  <testcase classname="Mamatha.StandardNickname" name="NicknamePage" time="304.616"/>
</testsuite> <!-- Mamatha.StandardNickname -->
