<?xml version="1.0" encoding="UTF-8"?>
<!-- Generated by org.testng.reporters.JUnitReportReporter -->
<testsuite hostname="6238L11" failures="0" tests="1" name="rulesexport" time="60.687" errors="0" timestamp="2024-11-29T17:35:07 IST" skipped="0">
  <testcase classname="rulesexport" name="Testrulecreation" time="60.687"/>
</testsuite> <!-- rulesexport -->
