<?xml version="1.0" encoding="UTF-8"?>
<!-- Generated by org.testng.reporters.JUnitReportReporter -->
<testsuite hostname="6238L11" failures="0" tests="1" name="Mamatha.Newtestrulecreation" time="252.279" errors="0" timestamp="2025-02-10T19:10:40 IST" skipped="0">
  <testcase classname="Mamatha.Newtestrulecreation" name="Testrulecreation" time="252.279"/>
</testsuite> <!-- Mamatha.Newtestrulecreation -->
