<?xml version="1.0" encoding="UTF-8"?>
<!-- Generated by org.testng.reporters.JUnitReportReporter -->
<testsuite hostname="6238L11" failures="0" tests="1" name="FMClient.StandardNickname" time="122.999" errors="0" timestamp="2025-05-13T18:20:19 IST" skipped="0">
  <testcase classname="FMClient.StandardNickname" name="NicknamePage" time="122.999"/>
</testsuite> <!-- FMClient.StandardNickname -->
