<?xml version="1.0" encoding="UTF-8"?>
<!-- Generated by org.testng.reporters.JUnitReportReporter -->
<testsuite hostname="6238L11" failures="0" tests="1" name="Practice.Inheritance" time="0.013" errors="0" timestamp="2025-04-23T10:09:12 IST" skipped="0">
  <testcase classname="Practice.Inheritance" name="execute" time="0.013"/>
</testsuite> <!-- Practice.Inheritance -->
