<?xml version="1.0" encoding="UTF-8"?>
<!-- Generated by org.testng.reporters.JUnitReportReporter -->
<testsuite hostname="6238L11" failures="0" tests="1" name="Practice.framework.Extentreports" time="33.746" errors="0" timestamp="2025-05-10T15:29:17 IST" skipped="0">
  <testcase classname="Practice.framework.Extentreports" name="getreports" time="33.746"/>
</testsuite> <!-- Practice.framework.Extentreports -->
