<?xml version="1.0" encoding="UTF-8"?>
<!-- Generated by org.testng.reporters.JUnitReportReporter -->
<testsuite hostname="6238L11" failures="0" tests="2" name="Practice.TestNGpractice2" time="0.014" errors="0" timestamp="2025-04-19T16:35:22 IST" skipped="1">
  <testcase classname="Practice.TestNGpractice2" name="getdata7" time="0.014"/>
  <testcase classname="Practice.TestNGpractice2" name="getdata6">
    <skipped/>
  </testcase> <!-- getdata6 -->
</testsuite> <!-- Practice.TestNGpractice2 -->
