<?xml version="1.0" encoding="UTF-8"?>
<!-- Generated by org.testng.reporters.JUnitReportReporter -->
<testsuite hostname="6238L11" failures="0" tests="1" name="Mamatha.Customnickname" time="146.291" errors="0" timestamp="2025-01-23T15:31:14 IST" skipped="0">
  <testcase classname="Mamatha.Customnickname" name="NicknamePage" time="146.291"/>
</testsuite> <!-- Mamatha.Customnickname -->
