<?xml version="1.0" encoding="UTF-8"?>
<!-- Generated by org.testng.reporters.JUnitReportReporter -->
<testsuite hostname="6238L11" failures="0" tests="1" name="Mamatha.Activealarmsexport" time="69.446" errors="0" timestamp="2024-12-27T14:34:53 IST" skipped="0">
  <testcase classname="Mamatha.Activealarmsexport" name="executeNavigationToActiveAlarms" time="69.446"/>
</testsuite> <!-- Mamatha.Activealarmsexport -->
