<?xml version="1.0" encoding="UTF-8"?>
<!-- Generated by org.testng.reporters.JUnitReportReporter -->
<testsuite hostname="6238L11" failures="0" tests="1" name="FMClient.Usertest" time="57.224" errors="0" timestamp="2025-05-13T18:20:19 IST" skipped="0">
  <testcase classname="FMClient.Usertest" name="testUserpage" time="57.224"/>
</testsuite> <!-- FMClient.Usertest -->
