<?xml version="1.0" encoding="UTF-8"?>
<!-- Generated by org.testng.reporters.JUnitReportReporter -->
<testsuite hostname="6238L11" failures="0" tests="1" name="Mamatha.Rolesexport" time="46.128" errors="0" timestamp="2024-12-16T15:13:10 IST" skipped="0">
  <testcase classname="Mamatha.Rolesexport" name="testUsercreate" time="46.128"/>
</testsuite> <!-- Mamatha.Rolesexport -->
