<?xml version="1.0" encoding="UTF-8"?>
<!-- Generated by org.testng.reporters.JUnitReportReporter -->
<testsuite hostname="6238L11" failures="0" tests="1" name="FMClient.ActiveAlarms" time="154.576" errors="0" timestamp="2025-05-13T18:20:19 IST" skipped="0">
  <testcase classname="FMClient.ActiveAlarms" name="testnewrulecreation" time="154.576"/>
</testsuite> <!-- FMClient.ActiveAlarms -->
